2026-01-20 22:19:21,169 - basicLogger - INFO - New file Detected: C:/Users/Andrei/Downloads\b54e25c8-29e3-418c-9520-3b869601aeac.tmp
2026-01-20 22:19:23,100 - basicLogger - INFO - New file Detected: C:/Users/Andrei/Downloads\download (1).jpg
2026-01-20 22:19:23,100 - basicLogger - INFO - C:/Users/Andrei/Downloads\download (1).jpg moved to IMAGES
2026-01-21 22:37:35,159 - basicLogger - INFO - All Folders created
2026-01-21 22:37:35,159 - basicLogger - INFO - All Folders created
2026-01-21 22:37:35,159 - basicLogger - INFO - All Folders created
2026-01-21 22:37:35,159 - basicLogger - INFO - All Folders created
2026-01-21 22:37:35,159 - basicLogger - INFO - All Folders created
2026-01-21 22:37:35,160 - basicLogger - INFO - All Folders created
2026-01-21 22:37:35,160 - basicLogger - INFO - All Folders created
2026-01-21 22:37:35,160 - basicLogger - INFO - All Folders created
2026-01-21 22:39:39,764 - basicLogger - INFO - All Folders created
2026-01-21 22:39:39,765 - basicLogger - INFO - All Folders created
2026-01-21 22:39:39,765 - basicLogger - INFO - All Folders created
2026-01-21 22:39:39,765 - basicLogger - INFO - All Folders created
2026-01-21 22:39:39,765 - basicLogger - INFO - All Folders created
2026-01-21 22:39:39,765 - basicLogger - INFO - All Folders created
2026-01-21 22:39:39,766 - basicLogger - INFO - All Folders created
2026-01-21 22:39:39,766 - basicLogger - INFO - All Folders created
2026-01-21 22:39:39,766 - basicLogger - INFO - All Folders created
2026-01-21 22:42:06,868 - basicLogger - INFO - New file Detected: F:/programming/auto_organizer/test\download (1).jpg
2026-01-21 22:42:06,870 - basicLogger - INFO - F:/programming/auto_organizer/test\download (1).jpg moved to IMAGES
2026-01-21 22:42:43,046 - basicLogger - INFO - All Folders created
2026-01-21 22:42:43,046 - basicLogger - INFO - All Folders created
2026-01-21 22:42:43,046 - basicLogger - INFO - All Folders created
2026-01-21 22:42:43,047 - basicLogger - INFO - All Folders created
2026-01-21 22:42:43,047 - basicLogger - INFO - All Folders created
2026-01-21 22:42:43,047 - basicLogger - INFO - All Folders created
2026-01-21 22:42:43,047 - basicLogger - INFO - All Folders created
2026-01-21 22:42:43,047 - basicLogger - INFO - All Folders created
2026-01-21 22:42:43,048 - basicLogger - INFO - All Folders created
2026-01-21 22:43:07,609 - basicLogger - INFO - All Folders created
2026-01-21 22:43:07,609 - basicLogger - INFO - All Folders created
2026-01-21 22:43:07,609 - basicLogger - INFO - All Folders created
2026-01-21 22:43:07,610 - basicLogger - INFO - All Folders created
2026-01-21 22:43:07,610 - basicLogger - INFO - All Folders created
2026-01-21 22:43:07,610 - basicLogger - INFO - All Folders created
2026-01-21 22:43:07,610 - basicLogger - INFO - All Folders created
2026-01-21 22:43:07,610 - basicLogger - INFO - All Folders created
2026-01-21 22:43:07,610 - basicLogger - INFO - All Folders created
2026-01-21 22:45:40,733 - basicLogger - INFO - All Folders created
2026-01-21 22:45:40,733 - basicLogger - INFO - All Folders created
2026-01-21 22:45:40,733 - basicLogger - INFO - All Folders created
2026-01-21 22:45:40,734 - basicLogger - INFO - All Folders created
2026-01-21 22:45:40,734 - basicLogger - INFO - All Folders created
2026-01-21 22:45:40,734 - basicLogger - INFO - All Folders created
2026-01-21 22:45:40,734 - basicLogger - INFO - All Folders created
2026-01-21 22:45:40,734 - basicLogger - INFO - All Folders created
2026-01-21 22:45:40,735 - basicLogger - INFO - All Folders created
2026-01-21 22:47:21,996 - basicLogger - INFO - All Folders created
2026-01-21 22:47:21,997 - basicLogger - INFO - All Folders created
2026-01-21 22:47:21,997 - basicLogger - INFO - All Folders created
2026-01-21 22:47:21,997 - basicLogger - INFO - All Folders created
2026-01-21 22:47:21,998 - basicLogger - INFO - All Folders created
2026-01-21 22:47:21,998 - basicLogger - INFO - All Folders created
2026-01-21 22:47:21,999 - basicLogger - INFO - All Folders created
2026-01-21 22:47:21,999 - basicLogger - INFO - All Folders created
2026-01-21 22:47:21,999 - basicLogger - INFO - All Folders created
2026-01-21 22:47:37,511 - basicLogger - INFO - New file Detected: F:/programming/auto_organizer/test\download (1).jpg
2026-01-21 22:47:37,513 - basicLogger - INFO - F:/programming/auto_organizer/test\download (1).jpg moved to IMAGES
2026-01-21 22:47:46,285 - basicLogger - INFO - New file Detected: F:/programming/auto_organizer/test\pictures
2026-01-21 22:53:29,838 - basicLogger - INFO - New file Detected: F:/programming/auto_organizer/test\download.jpg
2026-01-21 22:53:29,838 - basicLogger - INFO - F:/programming/auto_organizer/test\download.jpg moved to IMAGES
